2023-10-04 22:19:28.381  INFO 11996 --- [main] com.example.Application                  : Starting Application on LAPTOP-476JT8H0 with PID 11996 (started by Lenovo in E:\自媒体平台资料\B站-武哥聊编程\0001-学生选课管理系统\源码资料\bs_xsxk)
2023-10-04 22:19:28.392  INFO 11996 --- [main] com.example.Application                  : No active profile set, falling back to default profiles: default
2023-10-04 22:19:28.767  WARN 11996 --- [main] o.m.s.mapper.ClassPathMapperScanner      : No MyBatis mapper was found in '[com.example]' package. Please check your configuration.
2023-10-04 22:19:29.108  INFO 11996 --- [main] o.s.b.w.embedded.tomcat.TomcatWebServer  : Tomcat initialized with port(s): 8888 (http)
2023-10-04 22:19:29.119  INFO 11996 --- [main] o.apache.catalina.core.StandardService   : Starting service [Tomcat]
2023-10-04 22:19:29.120  INFO 11996 --- [main] org.apache.catalina.core.StandardEngine  : Starting Servlet Engine: Apache Tomcat/9.0.12
2023-10-04 22:19:29.124  INFO 11996 --- [main] o.a.catalina.core.AprLifecycleListener   : The APR based Apache Tomcat Native library which allows optimal performance in production environments was not found on the java.library.path: [D:\Program Files\Java\jdk1.8.0_281\bin;C:\WINDOWS\Sun\Java\bin;C:\WINDOWS\system32;C:\WINDOWS;D:\Program Files\Java\jdk1.8.0\bin;C:\Windows\system32;C:\Windows;C:\Windows\System32\Wbem;C:\Windows\System32\WindowsPowerShell\v1.0\;C:\Windows\System32\OpenSSH\;C:\Program Files (x86)\NVIDIA Corporation\PhysX\Common;C:\Program Files\NVIDIA Corporation\NVIDIA NvDLISR;C:\Program Files\MySQL\MySQL Server 8.0\bin;D:\Program Files\nodejs\;D:\Xshell 7\;C:\Program Files\Git\cmd;C:\WINDOWS\system32;C:\WINDOWS;C:\WINDOWS\System32\Wbem;C:\WINDOWS\System32\WindowsPowerShell\v1.0\;C:\WINDOWS\System32\OpenSSH\;D:\nodejs\node_global;D:\Program Files\Tencent\微信web开发者工具\dll;D:\apache-maven-3.6.1\bin;C:\Program Files (x86)\NetSarang\Xftp 7\;C:\Users\Lenovo\AppData\Local\Microsoft\WindowsApps;D:\Program Files\nodejs\node_globa;;.]
2023-10-04 22:19:29.188  INFO 11996 --- [main] o.a.c.c.C.[Tomcat].[localhost].[/]       : Initializing Spring embedded WebApplicationContext
2023-10-04 22:19:29.188  INFO 11996 --- [main] o.s.web.context.ContextLoader            : Root WebApplicationContext: initialization completed in 766 ms
2023-10-04 22:19:29.210  INFO 11996 --- [main] o.s.b.w.servlet.ServletRegistrationBean  : Servlet dispatcherServlet mapped to [/]
2023-10-04 22:19:29.213  INFO 11996 --- [main] o.s.b.w.servlet.FilterRegistrationBean   : Mapping filter: 'characterEncodingFilter' to: [/*]
2023-10-04 22:19:29.213  INFO 11996 --- [main] o.s.b.w.servlet.FilterRegistrationBean   : Mapping filter: 'hiddenHttpMethodFilter' to: [/*]
2023-10-04 22:19:29.214  INFO 11996 --- [main] o.s.b.w.servlet.FilterRegistrationBean   : Mapping filter: 'formContentFilter' to: [/*]
2023-10-04 22:19:29.214  INFO 11996 --- [main] o.s.b.w.servlet.FilterRegistrationBean   : Mapping filter: 'requestContextFilter' to: [/*]
2023-10-04 22:19:29.695  INFO 11996 --- [main] o.s.s.concurrent.ThreadPoolTaskExecutor  : Initializing ExecutorService 'applicationTaskExecutor'
2023-10-04 22:19:29.851  INFO 11996 --- [main] o.s.b.w.embedded.tomcat.TomcatWebServer  : Tomcat started on port(s): 8888 (http) with context path ''
2023-10-04 22:19:29.853  INFO 11996 --- [main] com.example.Application                  : Started Application in 1.738 seconds (JVM running for 2.428)
2023-10-04 22:19:29.855  INFO 11996 --- [main] com.example.common.config.OpenBrowser    : 项目启动成功……
2023-10-04 22:19:30.043  INFO 11996 --- [http-nio-8888-exec-2] o.a.c.c.C.[Tomcat].[localhost].[/]       : Initializing Spring DispatcherServlet 'dispatcherServlet'
2023-10-04 22:19:30.043  INFO 11996 --- [http-nio-8888-exec-2] o.s.web.servlet.DispatcherServlet        : Initializing Servlet 'dispatcherServlet'
2023-10-04 22:19:30.049  INFO 11996 --- [http-nio-8888-exec-2] o.s.web.servlet.DispatcherServlet        : Completed initialization in 6 ms
2023-10-04 22:22:10.747  INFO 11996 --- [http-nio-8888-exec-9] com.zaxxer.hikari.HikariDataSource       : HikariPool-1 - Starting...
2023-10-04 22:22:10.872  INFO 11996 --- [http-nio-8888-exec-9] com.zaxxer.hikari.HikariDataSource       : HikariPool-1 - Start completed.
2023-10-04 23:43:39.036  INFO 11996 --- [Thread-6] o.s.s.concurrent.ThreadPoolTaskExecutor  : Shutting down ExecutorService 'applicationTaskExecutor'
2023-10-04 23:43:39.042  INFO 11996 --- [Thread-6] com.zaxxer.hikari.HikariDataSource       : HikariPool-1 - Shutdown initiated...
2023-10-04 23:43:39.048  INFO 11996 --- [Thread-6] com.zaxxer.hikari.HikariDataSource       : HikariPool-1 - Shutdown completed.
